2025-06-10 14:41:16.246386000 [r2d2] ERROR database is locked
2025-06-10 14:41:16.726775000 [comms::builder] WARN  Test addresses are enabled! This is invalid and potentially insecure when running a production node.
2025-06-10 14:41:16.727192000 [r2d2] ERROR database is locked
2025-06-10 14:41:16.727234000 [r2d2] ERROR database is locked
2025-06-10 14:41:17.136781000 [r2d2] ERROR database is locked
2025-06-10 14:41:17.136910000 [r2d2] ERROR database is locked
2025-06-10 14:41:17.582983000 [wallet::connectivity] WARN  1 wallet requests waiting for connection
2025-06-10 14:41:17.583597000 [wallet::utxo_scanning] ERROR Error scanning UTXOs: Utxo Scanning Error: 'Failed to scan UTXO's after 2 attempt(s) using sync peer(s). Aborting...
2025-06-10 14:41:17.651535000 [wallet::connectivity] WARN  Could not dial base node peer 'd025bc9e4bd423a9b304c491b8'
2025-06-10 14:41:18.571928000 [comms::connection_manager::dialer] WARN  Reply oneshot was closed before dial response for peer 'd025bc9e4bd423a9b304c491b8' was sent
2025-06-10 14:41:18.573304000 [comms::connectivity::manager] WARN  Connectivity is OFFLINE (0/1 connections)
2025-06-10 14:41:18.573362000 [comms::connectivity::requester] WARN  Connectivity is OFFLINE. Waiting for connections...
2025-06-10 14:42:48.395136000 [wallet::transaction_service::service] WARN  Error completing Transaction Validation Protocol (id: 17250580809418260453): TransactionValidationInProgress
2025-06-10 14:42:48.396010000 [comms::rpc::client] WARN  Client request was cancelled before request was sent
2025-06-10 14:42:48.396026000 [comms::rpc::client] WARN  Client request was cancelled after request was sent. This means that you are making an RPC request and then immediately dropping the response! (protocol = t/bnwallet/1)
2025-06-10 14:43:31.607948000 [wallet::utxo_scanning] WARN  Scanning round aborted as a Recovery is in progress
2025-06-10 14:44:10.617039000 [wallet::utxo_scanning] WARN  Scanning round aborted as a Recovery is in progress
2025-06-10 14:45:19.627543000 [wallet::utxo_scanning] WARN  Scanning round aborted as a Recovery is in progress
2025-06-10 14:46:47.595910000 [comms::dht::network_discovery] WARN  Bootstrap timeout reached - forcing completion
2025-06-10 14:49:28.663878000 [wallet::utxo_scanning] WARN  Scanning round aborted as a Recovery is in progress
2025-06-10 14:50:07.674084000 [wallet::utxo_scanning] WARN  Scanning round aborted as a Recovery is in progress
2025-06-10 14:51:46.692042000 [wallet::utxo_scanning] WARN  Scanning round aborted as a Recovery is in progress
2025-06-10 14:51:51.697167000 [wallet::utxo_scanning] WARN  Scanning round aborted as a Recovery is in progress
2025-06-10 14:52:53.757093000 [comms::connectivity::manager] WARN  Timeout disconnecting peer (None) '51af08aff11f7129'
2025-06-10 14:52:53.757330000 [comms::connectivity::manager] ERROR Error handling connection manager event (10487520766886023435): PeerConnectionError(DisconnectTimeout)
2025-06-10 14:52:54.091240000 [comms::connectivity::manager] WARN  Timeout disconnecting peer (None) '515391f40a2cf72c'
2025-06-10 14:52:54.091303000 [comms::connectivity::manager] ERROR Error handling connection manager event (12518285148084187490): PeerConnectionError(DisconnectTimeout)
2025-06-10 14:52:54.344751000 [comms::connectivity::manager] WARN  Timeout disconnecting peer (None) '506ddac8023e816e'
2025-06-10 14:52:54.344798000 [comms::connectivity::manager] ERROR Error handling connection manager event (14403938393120727515): PeerConnectionError(DisconnectTimeout)
2025-06-10 14:54:43.211374000 [comms::connectivity::manager] WARN  Timeout disconnecting peer (None) '49364cffaf4592e7'
2025-06-10 14:54:43.212425000 [comms::connectivity::manager] ERROR Error handling connection manager event (13834122279118215939): PeerConnectionError(DisconnectTimeout)
2025-06-10 14:55:12.658217000 [wallet::utxo_scanning] WARN  Scanning round aborted as a Recovery is in progress
2025-06-10 15:06:43.093262000 [comms::connectivity::manager] WARN  Timeout disconnecting peer (None) '6b959c029a0bbd32'
2025-06-10 15:06:43.093551000 [comms::connectivity::manager] ERROR Error handling connection manager event (8843004733035752813): PeerConnectionError(DisconnectTimeout)
2025-06-10 15:07:03.807004000 [wallet::utxo_scanning] WARN  Scanning round aborted as a Recovery is in progress
2025-06-10 15:23:20.088970000 [wallet::utxo_scanning] WARN  Scanning round aborted as a Recovery is in progress
2025-06-10 15:23:25.260098000 [wallet::utxo_scanning] WARN  Scanning round aborted as a Recovery is in progress
2025-06-10 15:24:04.279223000 [wallet::utxo_scanning] WARN  Scanning round aborted as a Recovery is in progress
2025-06-10 15:24:43.294681000 [wallet::utxo_scanning] WARN  Scanning round aborted as a Recovery is in progress
2025-06-10 15:26:52.321167000 [wallet::utxo_scanning] WARN  Scanning round aborted as a Recovery is in progress
2025-06-10 15:27:31.334170000 [wallet::utxo_scanning] WARN  Scanning round aborted as a Recovery is in progress
2025-06-10 15:28:40.351535000 [wallet::utxo_scanning] WARN  Scanning round aborted as a Recovery is in progress
2025-06-10 15:29:19.365714000 [wallet::utxo_scanning] WARN  Scanning round aborted as a Recovery is in progress
2025-06-10 15:35:58.422721000 [wallet::utxo_scanning] WARN  Scanning round aborted as a Recovery is in progress
2025-06-10 15:37:07.440652000 [wallet::utxo_scanning] WARN  Scanning round aborted as a Recovery is in progress
2025-06-10 15:37:23.453461000 [wallet::utxo_scanning] WARN  Scanning round aborted as a Recovery is in progress
2025-06-10 15:38:32.474088000 [wallet::utxo_scanning] WARN  Scanning round aborted as a Recovery is in progress
2025-06-10 15:38:48.483171000 [wallet::utxo_scanning] WARN  Scanning round aborted as a Recovery is in progress
2025-06-10 15:39:27.491114000 [wallet::utxo_scanning] WARN  Scanning round aborted as a Recovery is in progress
2025-06-10 15:40:06.505011000 [wallet::utxo_scanning] WARN  Scanning round aborted as a Recovery is in progress
2025-06-10 15:49:15.539284000 [wallet::utxo_scanning] WARN  Scanning round aborted as a Recovery is in progress
2025-06-10 15:50:54.556208000 [wallet::utxo_scanning] WARN  Scanning round aborted as a Recovery is in progress
2025-06-10 15:52:03.573978000 [wallet::utxo_scanning] WARN  Scanning round aborted as a Recovery is in progress
2025-06-10 15:52:08.594813000 [wallet::utxo_scanning] WARN  Scanning round aborted as a Recovery is in progress
2025-06-10 15:52:47.605995000 [wallet::utxo_scanning] WARN  Scanning round aborted as a Recovery is in progress
2025-06-10 15:52:52.611994000 [wallet::utxo_scanning] WARN  Scanning round aborted as a Recovery is in progress
2025-06-10 15:53:31.622864000 [wallet::utxo_scanning] WARN  Scanning round aborted as a Recovery is in progress
2025-06-10 15:56:10.651953000 [wallet::utxo_scanning] WARN  Scanning round aborted as a Recovery is in progress
2025-06-10 15:59:19.674751000 [wallet::utxo_scanning] WARN  Scanning round aborted as a Recovery is in progress
2025-06-10 16:01:58.696487000 [wallet::utxo_scanning] WARN  Scanning round aborted as a Recovery is in progress
2025-06-10 16:04:37.720686000 [wallet::utxo_scanning] WARN  Scanning round aborted as a Recovery is in progress
2025-06-10 16:07:46.750810000 [wallet::utxo_scanning] WARN  Scanning round aborted as a Recovery is in progress
2025-06-10 16:08:55.766009000 [wallet::utxo_scanning] WARN  Scanning round aborted as a Recovery is in progress
2025-06-10 16:11:04.792637000 [wallet::utxo_scanning] WARN  Scanning round aborted as a Recovery is in progress
2025-06-10 16:16:43.871297000 [wallet::utxo_scanning] WARN  Scanning round aborted as a Recovery is in progress
2025-06-10 16:17:22.883539000 [wallet::utxo_scanning] WARN  Scanning round aborted as a Recovery is in progress
2025-06-10 16:18:31.907215000 [wallet::utxo_scanning] WARN  Scanning round aborted as a Recovery is in progress
2025-06-10 16:19:40.926849000 [wallet::utxo_scanning] WARN  Scanning round aborted as a Recovery is in progress
2025-06-10 16:21:19.946594000 [wallet::utxo_scanning] WARN  Scanning round aborted as a Recovery is in progress
2025-06-10 16:22:58.966403000 [wallet::utxo_scanning] WARN  Scanning round aborted as a Recovery is in progress
2025-06-10 16:26:38.008117000 [wallet::utxo_scanning] WARN  Scanning round aborted as a Recovery is in progress
2025-06-10 16:28:17.034881000 [wallet::utxo_scanning] WARN  Scanning round aborted as a Recovery is in progress
2025-06-10 16:29:26.048112000 [wallet::utxo_scanning] WARN  Scanning round aborted as a Recovery is in progress
2025-06-10 16:36:05.101432000 [wallet::utxo_scanning] WARN  Scanning round aborted as a Recovery is in progress
2025-06-10 16:39:44.127808000 [wallet::utxo_scanning] WARN  Scanning round aborted as a Recovery is in progress
2025-06-10 16:47:23.188669000 [wallet::utxo_scanning] WARN  Scanning round aborted as a Recovery is in progress
2025-06-10 16:48:02.201096000 [wallet::utxo_scanning] WARN  Scanning round aborted as a Recovery is in progress
2025-06-10 16:49:11.219045000 [wallet::utxo_scanning] WARN  Scanning round aborted as a Recovery is in progress
2025-06-10 16:52:50.271650000 [wallet::utxo_scanning] WARN  Scanning round aborted as a Recovery is in progress
2025-06-10 16:55:29.293762000 [wallet::utxo_scanning] WARN  Scanning round aborted as a Recovery is in progress
2025-06-10 16:55:45.302510000 [wallet::utxo_scanning] WARN  Scanning round aborted as a Recovery is in progress
2025-06-10 16:56:24.314033000 [wallet::utxo_scanning] WARN  Scanning round aborted as a Recovery is in progress
2025-06-10 16:56:40.320788000 [wallet::utxo_scanning] WARN  Scanning round aborted as a Recovery is in progress
2025-06-10 16:58:19.336537000 [wallet::utxo_scanning] WARN  Scanning round aborted as a Recovery is in progress
2025-06-10 17:00:28.356196000 [wallet::utxo_scanning] WARN  Scanning round aborted as a Recovery is in progress
2025-06-10 17:02:37.378533000 [wallet::utxo_scanning] WARN  Scanning round aborted as a Recovery is in progress
2025-06-10 17:03:46.385241000 [wallet::utxo_scanning] WARN  Scanning round aborted as a Recovery is in progress
2025-06-10 17:04:55.398893000 [wallet::utxo_scanning] WARN  Scanning round aborted as a Recovery is in progress
2025-06-10 17:05:11.406674000 [wallet::utxo_scanning] WARN  Scanning round aborted as a Recovery is in progress
2025-06-10 17:05:50.418275000 [wallet::utxo_scanning] WARN  Scanning round aborted as a Recovery is in progress
2025-06-10 17:08:29.443634000 [wallet::utxo_scanning] WARN  Scanning round aborted as a Recovery is in progress
2025-06-10 17:09:38.458617000 [wallet::utxo_scanning] WARN  Scanning round aborted as a Recovery is in progress
2025-06-10 17:13:47.487603000 [wallet::utxo_scanning] WARN  Scanning round aborted as a Recovery is in progress
2025-06-10 17:14:26.499252000 [wallet::utxo_scanning] WARN  Scanning round aborted as a Recovery is in progress
2025-06-10 17:16:05.515637000 [wallet::utxo_scanning] WARN  Scanning round aborted as a Recovery is in progress
2025-06-10 17:17:44.530785000 [wallet::utxo_scanning] WARN  Scanning round aborted as a Recovery is in progress
2025-06-10 17:23:23.577041000 [wallet::utxo_scanning] WARN  Scanning round aborted as a Recovery is in progress
2025-06-10 17:24:32.596346000 [wallet::utxo_scanning] WARN  Scanning round aborted as a Recovery is in progress
2025-06-10 17:40:53.734026000 [wallet::utxo_scanning] WARN  Scanning round aborted as a Recovery is in progress
2025-06-10 17:42:02.750851000 [wallet::utxo_scanning] WARN  Scanning round aborted as a Recovery is in progress
2025-06-10 17:42:18.761834000 [wallet::utxo_scanning] WARN  Scanning round aborted as a Recovery is in progress
2025-06-10 17:42:23.768725000 [wallet::utxo_scanning] WARN  Scanning round aborted as a Recovery is in progress
2025-06-10 17:44:32.791555000 [wallet::utxo_scanning] WARN  Scanning round aborted as a Recovery is in progress
2025-06-10 17:44:48.799862000 [wallet::utxo_scanning] WARN  Scanning round aborted as a Recovery is in progress
2025-06-10 17:45:27.814461000 [wallet::utxo_scanning] WARN  Scanning round aborted as a Recovery is in progress
2025-06-10 17:45:43.821674000 [wallet::utxo_scanning] WARN  Scanning round aborted as a Recovery is in progress
2025-06-10 17:45:48.828484000 [wallet::utxo_scanning] WARN  Scanning round aborted as a Recovery is in progress
2025-06-10 17:46:57.843052000 [wallet::utxo_scanning] WARN  Scanning round aborted as a Recovery is in progress
2025-06-10 17:48:36.858023000 [wallet::utxo_scanning] WARN  Scanning round aborted as a Recovery is in progress
2025-06-10 17:48:52.863802000 [wallet::utxo_scanning] WARN  Scanning round aborted as a Recovery is in progress
2025-06-10 17:56:31.916559000 [wallet::utxo_scanning] WARN  Scanning round aborted as a Recovery is in progress
2025-06-10 17:56:47.924372000 [wallet::utxo_scanning] WARN  Scanning round aborted as a Recovery is in progress
2025-06-10 17:57:26.937292000 [wallet::utxo_scanning] WARN  Scanning round aborted as a Recovery is in progress
2025-06-10 17:58:05.947460000 [wallet::utxo_scanning] WARN  Scanning round aborted as a Recovery is in progress
2025-06-10 17:59:14.963025000 [wallet::utxo_scanning] WARN  Scanning round aborted as a Recovery is in progress
2025-06-10 17:59:30.970158000 [wallet::utxo_scanning] WARN  Scanning round aborted as a Recovery is in progress
2025-06-10 18:00:39.986038000 [wallet::utxo_scanning] WARN  Scanning round aborted as a Recovery is in progress
2025-06-10 18:01:18.998834000 [wallet::utxo_scanning] WARN  Scanning round aborted as a Recovery is in progress
2025-06-10 18:03:28.017534000 [wallet::utxo_scanning] WARN  Scanning round aborted as a Recovery is in progress
2025-06-10 18:05:07.039673000 [wallet::utxo_scanning] WARN  Scanning round aborted as a Recovery is in progress
2025-06-10 18:07:46.067413000 [wallet::utxo_scanning] WARN  Scanning round aborted as a Recovery is in progress
2025-06-10 18:10:55.096588000 [wallet::utxo_scanning] WARN  Scanning round aborted as a Recovery is in progress
2025-06-10 18:14:04.125784000 [wallet::utxo_scanning] WARN  Scanning round aborted as a Recovery is in progress
2025-06-10 18:15:13.150463000 [wallet::utxo_scanning] WARN  Scanning round aborted as a Recovery is in progress
2025-06-10 18:15:29.161791000 [wallet::utxo_scanning] WARN  Scanning round aborted as a Recovery is in progress
2025-06-10 18:23:38.224555000 [wallet::utxo_scanning] WARN  Scanning round aborted as a Recovery is in progress
2025-06-10 18:25:17.246305000 [wallet::utxo_scanning] WARN  Scanning round aborted as a Recovery is in progress
2025-06-10 18:26:26.263215000 [wallet::utxo_scanning] WARN  Scanning round aborted as a Recovery is in progress
2025-06-10 18:28:35.284169000 [wallet::utxo_scanning] WARN  Scanning round aborted as a Recovery is in progress
2025-06-10 18:29:14.296485000 [wallet::utxo_scanning] WARN  Scanning round aborted as a Recovery is in progress
2025-06-10 18:34:23.336493000 [wallet::utxo_scanning] WARN  Scanning round aborted as a Recovery is in progress
2025-06-10 18:36:32.362158000 [wallet::utxo_scanning] WARN  Scanning round aborted as a Recovery is in progress
2025-06-10 18:38:41.381643000 [wallet::utxo_scanning] WARN  Scanning round aborted as a Recovery is in progress
2025-06-10 18:44:45.518154000 [wallet::utxo_scanning] WARN  Scanning round aborted as a Recovery is in progress
2025-06-10 18:45:01.525670000 [wallet::utxo_scanning] WARN  Scanning round aborted as a Recovery is in progress
2025-06-10 18:46:14.428973000 [wallet::utxo_scanning] WARN  Scanning round aborted as a Recovery is in progress
2025-06-10 18:49:03.388816000 [wallet::utxo_scanning] WARN  Scanning round aborted as a Recovery is in progress
2025-06-10 18:50:50.568441000 [wallet::utxo_scanning] WARN  Scanning round aborted as a Recovery is in progress
2025-06-10 18:57:30.575624000 [wallet::utxo_scanning] WARN  Scanning round aborted as a Recovery is in progress
2025-06-10 19:15:28.793614000 [wallet::utxo_scanning] WARN  Scanning round aborted as a Recovery is in progress
2025-06-10 19:18:50.491878000 [wallet::utxo_scanning] WARN  Scanning round aborted as a Recovery is in progress
2025-06-10 19:18:55.493201000 [wallet::utxo_scanning] WARN  Scanning round aborted as a Recovery is in progress
2025-06-10 19:19:34.502195000 [wallet::utxo_scanning] WARN  Scanning round aborted as a Recovery is in progress
2025-06-10 19:29:13.561726000 [wallet::utxo_scanning] WARN  Scanning round aborted as a Recovery is in progress
2025-06-10 19:29:18.567683000 [wallet::utxo_scanning] WARN  Scanning round aborted as a Recovery is in progress
2025-06-10 19:30:27.586859000 [wallet::utxo_scanning] WARN  Scanning round aborted as a Recovery is in progress
2025-06-10 19:32:06.609285000 [wallet::utxo_scanning] WARN  Scanning round aborted as a Recovery is in progress
2025-06-10 19:34:15.626812000 [wallet::utxo_scanning] WARN  Scanning round aborted as a Recovery is in progress
2025-06-10 19:53:58.729758000 [wallet::utxo_scanning] WARN  Scanning round aborted as a Recovery is in progress
2025-06-10 20:15:15.036930000 [wallet::utxo_scanning] WARN  Scanning round aborted as a Recovery is in progress
2025-06-10 20:15:31.046402000 [wallet::utxo_scanning] WARN  Scanning round aborted as a Recovery is in progress
2025-06-10 20:27:42.834266000 [wallet::utxo_scanning] WARN  Scanning round aborted as a Recovery is in progress
2025-06-10 20:30:51.864427000 [wallet::utxo_scanning] WARN  Scanning round aborted as a Recovery is in progress
2025-06-10 20:30:56.868963000 [wallet::utxo_scanning] WARN  Scanning round aborted as a Recovery is in progress
2025-06-10 20:31:01.872845000 [wallet::utxo_scanning] WARN  Scanning round aborted as a Recovery is in progress
2025-06-10 20:48:36.816620000 [wallet::utxo_scanning] WARN  Scanning round aborted as a Recovery is in progress
2025-06-10 20:50:15.829199000 [wallet::utxo_scanning] WARN  Scanning round aborted as a Recovery is in progress
2025-06-10 20:52:24.848986000 [wallet::utxo_scanning] WARN  Scanning round aborted as a Recovery is in progress
2025-06-10 20:53:03.858184000 [wallet::utxo_scanning] WARN  Scanning round aborted as a Recovery is in progress
2025-06-10 20:55:12.879755000 [wallet::utxo_scanning] WARN  Scanning round aborted as a Recovery is in progress
2025-06-10 20:57:51.908613000 [wallet::utxo_scanning] WARN  Scanning round aborted as a Recovery is in progress
2025-06-10 21:27:38.849574000 [wallet::utxo_scanning] WARN  Scanning round aborted as a Recovery is in progress
2025-06-10 21:27:43.851202000 [wallet::utxo_scanning] WARN  Scanning round aborted as a Recovery is in progress
2025-06-10 21:45:18.249864000 [wallet::utxo_scanning] WARN  Scanning round aborted as a Recovery is in progress
2025-06-10 21:47:27.274283000 [wallet::utxo_scanning] WARN  Scanning round aborted as a Recovery is in progress
2025-06-10 21:52:36.315420000 [wallet::utxo_scanning] WARN  Scanning round aborted as a Recovery is in progress
2025-06-10 21:56:15.342679000 [wallet::utxo_scanning] WARN  Scanning round aborted as a Recovery is in progress
2025-06-10 22:00:24.379964000 [wallet::utxo_scanning] WARN  Scanning round aborted as a Recovery is in progress
2025-06-10 22:02:33.398863000 [wallet::utxo_scanning] WARN  Scanning round aborted as a Recovery is in progress
2025-06-10 22:02:49.405578000 [wallet::utxo_scanning] WARN  Scanning round aborted as a Recovery is in progress
2025-06-10 22:03:28.419035000 [wallet::utxo_scanning] WARN  Scanning round aborted as a Recovery is in progress
2025-06-10 22:04:37.431332000 [wallet::utxo_scanning] WARN  Scanning round aborted as a Recovery is in progress
2025-06-10 22:06:46.449549000 [wallet::utxo_scanning] WARN  Scanning round aborted as a Recovery is in progress
2025-06-10 22:11:25.491046000 [wallet::utxo_scanning] WARN  Scanning round aborted as a Recovery is in progress
2025-06-10 22:12:34.504210000 [wallet::utxo_scanning] WARN  Scanning round aborted as a Recovery is in progress
2025-06-10 22:14:13.530024000 [wallet::utxo_scanning] WARN  Scanning round aborted as a Recovery is in progress
2025-06-10 22:18:22.558661000 [wallet::utxo_scanning] WARN  Scanning round aborted as a Recovery is in progress
2025-06-10 22:19:01.568939000 [wallet::utxo_scanning] WARN  Scanning round aborted as a Recovery is in progress
2025-06-10 22:23:10.601812000 [wallet::utxo_scanning] WARN  Scanning round aborted as a Recovery is in progress
2025-06-10 22:24:19.614860000 [wallet::utxo_scanning] WARN  Scanning round aborted as a Recovery is in progress
2025-06-10 22:25:58.628558000 [wallet::utxo_scanning] WARN  Scanning round aborted as a Recovery is in progress
2025-06-10 22:29:07.653609000 [wallet::utxo_scanning] WARN  Scanning round aborted as a Recovery is in progress
2025-06-10 22:30:46.678618000 [wallet::utxo_scanning] WARN  Scanning round aborted as a Recovery is in progress
2025-06-10 22:34:55.708239000 [wallet::utxo_scanning] WARN  Scanning round aborted as a Recovery is in progress
2025-06-10 22:42:04.750401000 [wallet::utxo_scanning] WARN  Scanning round aborted as a Recovery is in progress
2025-06-10 22:48:58.075537000 [wallet::utxo_scanning] WARN  Scanning round aborted as a Recovery is in progress
2025-06-10 23:22:55.534592000 [wallet::utxo_scanning] WARN  Scanning round aborted as a Recovery is in progress
2025-06-10 23:39:15.352560000 [wallet::utxo_scanning] WARN  Scanning round aborted as a Recovery is in progress
2025-06-10 23:39:54.373973000 [wallet::utxo_scanning] WARN  Scanning round aborted as a Recovery is in progress
2025-06-10 23:42:33.403443000 [wallet::utxo_scanning] WARN  Scanning round aborted as a Recovery is in progress
2025-06-10 23:50:16.768280000 [wallet::utxo_scanning] WARN  Scanning round aborted as a Recovery is in progress
2025-06-10 23:52:25.788436000 [wallet::utxo_scanning] WARN  Scanning round aborted as a Recovery is in progress
2025-06-10 23:54:04.810723000 [wallet::utxo_scanning] WARN  Scanning round aborted as a Recovery is in progress
2025-06-11 00:12:07.143263000 [wallet::utxo_scanning] WARN  Scanning round aborted as a Recovery is in progress
2025-06-11 00:13:16.160236000 [wallet::utxo_scanning] WARN  Scanning round aborted as a Recovery is in progress
2025-06-11 00:13:55.171378000 [wallet::utxo_scanning] WARN  Scanning round aborted as a Recovery is in progress
2025-06-11 00:14:11.179415000 [wallet::utxo_scanning] WARN  Scanning round aborted as a Recovery is in progress
2025-06-11 00:15:50.204250000 [wallet::utxo_scanning] WARN  Scanning round aborted as a Recovery is in progress
2025-06-11 00:28:29.301174000 [wallet::utxo_scanning] WARN  Scanning round aborted as a Recovery is in progress
2025-06-11 00:31:08.326998000 [wallet::utxo_scanning] WARN  Scanning round aborted as a Recovery is in progress
2025-06-11 00:37:47.401165000 [wallet::utxo_scanning] WARN  Scanning round aborted as a Recovery is in progress
2025-06-11 00:42:26.451335000 [wallet::utxo_scanning] WARN  Scanning round aborted as a Recovery is in progress
2025-06-11 00:47:05.496328000 [wallet::utxo_scanning] WARN  Scanning round aborted as a Recovery is in progress
2025-06-11 00:47:44.509167000 [wallet::utxo_scanning] WARN  Scanning round aborted as a Recovery is in progress
2025-06-11 00:48:23.520613000 [wallet::utxo_scanning] WARN  Scanning round aborted as a Recovery is in progress
2025-06-11 00:48:39.530812000 [wallet::utxo_scanning] WARN  Scanning round aborted as a Recovery is in progress
2025-06-11 00:53:18.567854000 [wallet::utxo_scanning] WARN  Scanning round aborted as a Recovery is in progress
2025-06-11 00:55:27.592603000 [wallet::utxo_scanning] WARN  Scanning round aborted as a Recovery is in progress
2025-06-11 01:02:36.667422000 [wallet::utxo_scanning] WARN  Scanning round aborted as a Recovery is in progress
2025-06-11 01:05:45.691126000 [wallet::utxo_scanning] WARN  Scanning round aborted as a Recovery is in progress
2025-06-11 01:07:24.713651000 [wallet::utxo_scanning] WARN  Scanning round aborted as a Recovery is in progress
2025-06-11 01:08:33.730159000 [wallet::utxo_scanning] WARN  Scanning round aborted as a Recovery is in progress
2025-06-11 01:09:12.743340000 [wallet::utxo_scanning] WARN  Scanning round aborted as a Recovery is in progress
2025-06-11 01:09:17.750183000 [wallet::utxo_scanning] WARN  Scanning round aborted as a Recovery is in progress
2025-06-11 01:26:50.856670000 [wallet::utxo_scanning] WARN  Scanning round aborted as a Recovery is in progress
2025-06-11 01:44:14.025915000 [wallet::utxo_scanning] WARN  Scanning round aborted as a Recovery is in progress
2025-06-11 01:46:23.042559000 [wallet::utxo_scanning] WARN  Scanning round aborted as a Recovery is in progress
2025-06-11 01:47:32.054675000 [wallet::utxo_scanning] WARN  Scanning round aborted as a Recovery is in progress
2025-06-11 01:50:11.071819000 [wallet::utxo_scanning] WARN  Scanning round aborted as a Recovery is in progress
2025-06-11 01:50:27.079671000 [wallet::utxo_scanning] WARN  Scanning round aborted as a Recovery is in progress
2025-06-11 01:51:06.089469000 [wallet::utxo_scanning] WARN  Scanning round aborted as a Recovery is in progress
2025-06-11 01:52:15.105579000 [wallet::utxo_scanning] WARN  Scanning round aborted as a Recovery is in progress
2025-06-11 01:52:54.116290000 [wallet::utxo_scanning] WARN  Scanning round aborted as a Recovery is in progress
2025-06-11 01:53:33.133832000 [wallet::utxo_scanning] WARN  Scanning round aborted as a Recovery is in progress
2025-06-11 02:07:42.215960000 [wallet::utxo_scanning] WARN  Scanning round aborted as a Recovery is in progress
2025-06-11 02:07:48.255464000 [wallet::utxo_scanning] WARN  Scanning round aborted as a Recovery is in progress
2025-06-11 02:08:57.287915000 [wallet::utxo_scanning] WARN  Scanning round aborted as a Recovery is in progress
2025-06-11 02:09:36.311709000 [wallet::utxo_scanning] WARN  Scanning round aborted as a Recovery is in progress
2025-06-11 02:09:52.321802000 [wallet::utxo_scanning] WARN  Scanning round aborted as a Recovery is in progress
2025-06-11 02:11:31.339780000 [wallet::utxo_scanning] WARN  Scanning round aborted as a Recovery is in progress
2025-06-11 02:13:40.361661000 [wallet::utxo_scanning] WARN  Scanning round aborted as a Recovery is in progress
2025-06-11 02:16:49.390130000 [wallet::utxo_scanning] WARN  Scanning round aborted as a Recovery is in progress
2025-06-11 02:18:28.410348000 [wallet::utxo_scanning] WARN  Scanning round aborted as a Recovery is in progress
2025-06-11 02:23:37.454277000 [wallet::utxo_scanning] WARN  Scanning round aborted as a Recovery is in progress
2025-06-11 02:24:46.469008000 [wallet::utxo_scanning] WARN  Scanning round aborted as a Recovery is in progress
2025-06-11 02:26:55.498911000 [wallet::utxo_scanning] WARN  Scanning round aborted as a Recovery is in progress
2025-06-11 02:28:34.518343000 [wallet::utxo_scanning] WARN  Scanning round aborted as a Recovery is in progress
2025-06-11 02:43:40.531492000 [wallet::utxo_scanning] WARN  Scanning round aborted as a Recovery is in progress
2025-06-11 02:51:41.437038000 [wallet::utxo_scanning] WARN  Scanning round aborted as a Recovery is in progress
2025-06-11 02:58:50.484876000 [wallet::utxo_scanning] WARN  Scanning round aborted as a Recovery is in progress
2025-06-11 03:07:29.552356000 [wallet::utxo_scanning] WARN  Scanning round aborted as a Recovery is in progress
2025-06-11 03:12:38.587595000 [wallet::utxo_scanning] WARN  Scanning round aborted as a Recovery is in progress
2025-06-11 03:16:47.625115000 [wallet::utxo_scanning] WARN  Scanning round aborted as a Recovery is in progress
2025-06-11 03:20:26.650648000 [wallet::utxo_scanning] WARN  Scanning round aborted as a Recovery is in progress
2025-06-11 03:26:35.699262000 [wallet::utxo_scanning] WARN  Scanning round aborted as a Recovery is in progress
2025-06-11 03:29:44.728737000 [wallet::utxo_scanning] WARN  Scanning round aborted as a Recovery is in progress
2025-06-11 03:51:50.742181000 [wallet::utxo_scanning] WARN  Scanning round aborted as a Recovery is in progress
2025-06-11 03:53:29.791586000 [wallet::utxo_scanning] WARN  Scanning round aborted as a Recovery is in progress
2025-06-11 03:54:08.803430000 [wallet::utxo_scanning] WARN  Scanning round aborted as a Recovery is in progress
2025-06-11 03:59:17.852308000 [wallet::utxo_scanning] WARN  Scanning round aborted as a Recovery is in progress
2025-06-11 04:00:26.867441000 [wallet::utxo_scanning] WARN  Scanning round aborted as a Recovery is in progress
2025-06-11 04:02:05.890511000 [wallet::utxo_scanning] WARN  Scanning round aborted as a Recovery is in progress
2025-06-11 04:03:14.912071000 [wallet::utxo_scanning] WARN  Scanning round aborted as a Recovery is in progress
2025-06-11 04:06:53.946214000 [wallet::utxo_scanning] WARN  Scanning round aborted as a Recovery is in progress
2025-06-11 04:12:32.992620000 [wallet::utxo_scanning] WARN  Scanning round aborted as a Recovery is in progress
2025-06-11 04:12:49.001737000 [wallet::utxo_scanning] WARN  Scanning round aborted as a Recovery is in progress
2025-06-11 04:14:58.022191000 [wallet::utxo_scanning] WARN  Scanning round aborted as a Recovery is in progress
2025-06-11 04:20:07.050601000 [wallet::utxo_scanning] WARN  Scanning round aborted as a Recovery is in progress
2025-06-11 04:23:46.095840000 [wallet::utxo_scanning] WARN  Scanning round aborted as a Recovery is in progress
2025-06-11 04:26:55.127568000 [wallet::utxo_scanning] WARN  Scanning round aborted as a Recovery is in progress
2025-06-11 04:27:00.259542000 [wallet::utxo_scanning] WARN  Scanning round aborted as a Recovery is in progress
2025-06-11 04:28:09.281484000 [wallet::utxo_scanning] WARN  Scanning round aborted as a Recovery is in progress
2025-06-11 04:29:48.301798000 [wallet::utxo_scanning] WARN  Scanning round aborted as a Recovery is in progress
2025-06-11 04:31:27.320547000 [wallet::utxo_scanning] WARN  Scanning round aborted as a Recovery is in progress
2025-06-11 04:32:06.332326000 [wallet::utxo_scanning] WARN  Scanning round aborted as a Recovery is in progress
2025-06-11 04:48:36.252893000 [wallet::utxo_scanning] WARN  Scanning round aborted as a Recovery is in progress
2025-06-11 04:49:45.272280000 [wallet::utxo_scanning] WARN  Scanning round aborted as a Recovery is in progress
2025-06-11 04:50:24.281775000 [wallet::utxo_scanning] WARN  Scanning round aborted as a Recovery is in progress
2025-06-11 04:51:03.291338000 [wallet::utxo_scanning] WARN  Scanning round aborted as a Recovery is in progress
2025-06-11 04:54:12.316102000 [wallet::utxo_scanning] WARN  Scanning round aborted as a Recovery is in progress
2025-06-11 04:54:17.321190000 [wallet::utxo_scanning] WARN  Scanning round aborted as a Recovery is in progress
2025-06-11 04:55:26.335249000 [wallet::utxo_scanning] WARN  Scanning round aborted as a Recovery is in progress
2025-06-11 04:56:05.347333000 [wallet::utxo_scanning] WARN  Scanning round aborted as a Recovery is in progress
2025-06-11 04:56:21.360781000 [wallet::utxo_scanning] WARN  Scanning round aborted as a Recovery is in progress
2025-06-11 04:59:30.385714000 [wallet::utxo_scanning] WARN  Scanning round aborted as a Recovery is in progress
2025-06-11 05:01:09.402213000 [wallet::utxo_scanning] WARN  Scanning round aborted as a Recovery is in progress
2025-06-11 05:08:18.459734000 [wallet::utxo_scanning] WARN  Scanning round aborted as a Recovery is in progress
2025-06-11 05:09:57.473955000 [wallet::utxo_scanning] WARN  Scanning round aborted as a Recovery is in progress
2025-06-11 05:12:06.495287000 [wallet::utxo_scanning] WARN  Scanning round aborted as a Recovery is in progress
2025-06-11 05:14:15.513920000 [wallet::utxo_scanning] WARN  Scanning round aborted as a Recovery is in progress
2025-06-11 05:19:24.557901000 [wallet::utxo_scanning] WARN  Scanning round aborted as a Recovery is in progress
2025-06-11 05:22:03.580156000 [wallet::utxo_scanning] WARN  Scanning round aborted as a Recovery is in progress
2025-06-11 05:24:12.618049000 [wallet::utxo_scanning] WARN  Scanning round aborted as a Recovery is in progress
2025-06-11 05:24:51.629119000 [wallet::utxo_scanning] WARN  Scanning round aborted as a Recovery is in progress
2025-06-11 05:25:30.642574000 [wallet::utxo_scanning] WARN  Scanning round aborted as a Recovery is in progress
2025-06-11 05:30:27.300817000 [wallet::utxo_scanning] WARN  Scanning round aborted as a Recovery is in progress
2025-06-11 05:30:43.303568000 [wallet::utxo_scanning] WARN  Scanning round aborted as a Recovery is in progress
2025-06-11 05:31:22.313743000 [wallet::utxo_scanning] WARN  Scanning round aborted as a Recovery is in progress
2025-06-11 05:34:01.361445000 [wallet::utxo_scanning] WARN  Scanning round aborted as a Recovery is in progress
2025-06-11 05:35:40.374713000 [wallet::utxo_scanning] WARN  Scanning round aborted as a Recovery is in progress
2025-06-11 05:35:45.378581000 [wallet::utxo_scanning] WARN  Scanning round aborted as a Recovery is in progress
